[2025-11-22 07:25:22] [INFO   ]  Custom Logger Initialized 
[2025-11-22 07:25:22] [INFO   ] [NOTICE] TerraformGenerator will suppress the server's watchdog while generating chunks to prevent unnecessary stacktrace warnings. Unless you specifically need thewatchdog now (to take aikar timings or debug lag), you don't need to take any action. 
[2025-11-22 07:25:22] [INFO   ] It is recommended to pregenerate to reduce lag problems. 
[2025-11-22 07:25:22] [INFO   ] Watchdog Thread hooked. 
[2025-11-22 07:25:22] [INFO   ]  bStats Metrics enabled. 
[2025-11-22 07:25:22] [INFO   ]  Detected version: v1_21_R5, packName: v1_21_R5 
[2025-11-22 07:30:15] [INFO   ]  Custom Logger Initialized 
[2025-11-22 07:30:15] [INFO   ] [NOTICE] TerraformGenerator will suppress the server's watchdog while generating chunks to prevent unnecessary stacktrace warnings. Unless you specifically need thewatchdog now (to take aikar timings or debug lag), you don't need to take any action. 
[2025-11-22 07:30:15] [INFO   ] It is recommended to pregenerate to reduce lag problems. 
[2025-11-22 07:30:15] [INFO   ] Watchdog Thread hooked. 
[2025-11-22 07:30:15] [INFO   ]  bStats Metrics enabled. 
[2025-11-22 07:30:15] [INFO   ]  Detected version: v1_21_R5, packName: v1_21_R5 
[2025-11-22 07:35:45] [INFO   ]  Custom Logger Initialized 
[2025-11-22 07:35:45] [INFO   ] [NOTICE] TerraformGenerator will suppress the server's watchdog while generating chunks to prevent unnecessary stacktrace warnings. Unless you specifically need thewatchdog now (to take aikar timings or debug lag), you don't need to take any action. 
[2025-11-22 07:35:45] [INFO   ] It is recommended to pregenerate to reduce lag problems. 
[2025-11-22 07:35:45] [INFO   ] Watchdog Thread hooked. 
[2025-11-22 07:35:45] [INFO   ]  bStats Metrics enabled. 
[2025-11-22 07:35:45] [INFO   ]  Detected version: v1_21_R5, packName: v1_21_R5 
[2025-11-22 07:45:24] [INFO   ]  Custom Logger Initialized 
[2025-11-22 07:45:24] [INFO   ] [NOTICE] TerraformGenerator will suppress the server's watchdog while generating chunks to prevent unnecessary stacktrace warnings. Unless you specifically need thewatchdog now (to take aikar timings or debug lag), you don't need to take any action. 
[2025-11-22 07:45:24] [INFO   ] It is recommended to pregenerate to reduce lag problems. 
[2025-11-22 07:45:24] [INFO   ] Watchdog Thread hooked. 
[2025-11-22 07:45:24] [INFO   ]  bStats Metrics enabled. 
[2025-11-22 07:45:24] [INFO   ]  Detected version: v1_21_R5, packName: v1_21_R5 
[2025-11-22 17:40:41] [INFO   ]  Custom Logger Initialized 
[2025-11-22 17:40:41] [INFO   ] [NOTICE] TerraformGenerator will suppress the server's watchdog while generating chunks to prevent unnecessary stacktrace warnings. Unless you specifically need thewatchdog now (to take aikar timings or debug lag), you don't need to take any action. 
[2025-11-22 17:40:41] [INFO   ] It is recommended to pregenerate to reduce lag problems. 
[2025-11-22 17:40:41] [INFO   ] Watchdog Thread hooked. 
[2025-11-22 17:40:41] [INFO   ]  bStats Metrics enabled. 
[2025-11-22 17:40:41] [INFO   ]  Detected version: v1_21_R5, packName: v1_21_R5 
[2025-11-22 17:41:51] [INFO   ]  Custom Logger Initialized 
[2025-11-22 17:41:51] [INFO   ] [NOTICE] TerraformGenerator will suppress the server's watchdog while generating chunks to prevent unnecessary stacktrace warnings. Unless you specifically need thewatchdog now (to take aikar timings or debug lag), you don't need to take any action. 
[2025-11-22 17:41:51] [INFO   ] It is recommended to pregenerate to reduce lag problems. 
[2025-11-22 17:41:51] [INFO   ] Watchdog Thread hooked. 
[2025-11-22 17:41:51] [INFO   ]  bStats Metrics enabled. 
[2025-11-22 17:41:51] [INFO   ]  Detected version: v1_21_R5, packName: v1_21_R5 
[2025-11-22 19:21:07] [INFO   ]  Custom Logger Initialized 
[2025-11-22 19:21:08] [INFO   ] [NOTICE] TerraformGenerator will suppress the server's watchdog while generating chunks to prevent unnecessary stacktrace warnings. Unless you specifically need thewatchdog now (to take aikar timings or debug lag), you don't need to take any action. 
[2025-11-22 19:21:08] [INFO   ] It is recommended to pregenerate to reduce lag problems. 
[2025-11-22 19:21:08] [INFO   ] Watchdog Thread hooked. 
[2025-11-22 19:21:08] [INFO   ]  bStats Metrics enabled. 
[2025-11-22 19:21:08] [INFO   ]  Detected version: v1_21_R5, packName: v1_21_R5 
[2025-11-22 19:41:08] [INFO   ]  Custom Logger Initialized 
[2025-11-22 19:41:08] [INFO   ] [NOTICE] TerraformGenerator will suppress the server's watchdog while generating chunks to prevent unnecessary stacktrace warnings. Unless you specifically need thewatchdog now (to take aikar timings or debug lag), you don't need to take any action. 
[2025-11-22 19:41:08] [INFO   ] It is recommended to pregenerate to reduce lag problems. 
[2025-11-22 19:41:08] [INFO   ] Watchdog Thread hooked. 
[2025-11-22 19:41:08] [INFO   ]  bStats Metrics enabled. 
[2025-11-22 19:41:08] [INFO   ]  Detected version: v1_21_R5, packName: v1_21_R5 
[2025-11-22 19:54:49] [INFO   ]  Custom Logger Initialized 
[2025-11-22 19:54:49] [INFO   ] [NOTICE] TerraformGenerator will suppress the server's watchdog while generating chunks to prevent unnecessary stacktrace warnings. Unless you specifically need thewatchdog now (to take aikar timings or debug lag), you don't need to take any action. 
[2025-11-22 19:54:49] [INFO   ] It is recommended to pregenerate to reduce lag problems. 
[2025-11-22 19:54:49] [INFO   ] Watchdog Thread hooked. 
[2025-11-22 19:54:49] [INFO   ]  bStats Metrics enabled. 
[2025-11-22 19:54:49] [INFO   ]  Detected version: v1_21_R5, packName: v1_21_R5 
[2025-11-22 20:34:26] [INFO   ]  Custom Logger Initialized 
[2025-11-22 20:34:26] [INFO   ] [NOTICE] TerraformGenerator will suppress the server's watchdog while generating chunks to prevent unnecessary stacktrace warnings. Unless you specifically need thewatchdog now (to take aikar timings or debug lag), you don't need to take any action. 
[2025-11-22 20:34:26] [INFO   ] It is recommended to pregenerate to reduce lag problems. 
[2025-11-22 20:34:26] [INFO   ] Watchdog Thread hooked. 
[2025-11-22 20:34:26] [INFO   ]  bStats Metrics enabled. 
[2025-11-22 20:34:26] [INFO   ]  Detected version: v1_21_R5, packName: v1_21_R5 
[2025-11-22 21:21:27] [INFO   ]  Custom Logger Initialized 
[2025-11-22 21:21:27] [INFO   ] [NOTICE] TerraformGenerator will suppress the server's watchdog while generating chunks to prevent unnecessary stacktrace warnings. Unless you specifically need thewatchdog now (to take aikar timings or debug lag), you don't need to take any action. 
[2025-11-22 21:21:27] [INFO   ] It is recommended to pregenerate to reduce lag problems. 
[2025-11-22 21:21:27] [INFO   ] Watchdog Thread hooked. 
[2025-11-22 21:21:27] [INFO   ]  bStats Metrics enabled. 
[2025-11-22 21:21:27] [INFO   ]  Detected version: v1_21_R5, packName: v1_21_R5 
[2025-11-22 21:34:08] [INFO   ]  Custom Logger Initialized 
[2025-11-22 21:34:08] [INFO   ] [NOTICE] TerraformGenerator will suppress the server's watchdog while generating chunks to prevent unnecessary stacktrace warnings. Unless you specifically need thewatchdog now (to take aikar timings or debug lag), you don't need to take any action. 
[2025-11-22 21:34:08] [INFO   ] It is recommended to pregenerate to reduce lag problems. 
[2025-11-22 21:34:08] [INFO   ] Watchdog Thread hooked. 
[2025-11-22 21:34:08] [INFO   ]  bStats Metrics enabled. 
[2025-11-22 21:34:08] [INFO   ]  Detected version: v1_21_R5, packName: v1_21_R5 
[2025-11-22 23:56:13] [INFO   ]  Custom Logger Initialized 
[2025-11-22 23:56:13] [INFO   ] [NOTICE] TerraformGenerator will suppress the server's watchdog while generating chunks to prevent unnecessary stacktrace warnings. Unless you specifically need thewatchdog now (to take aikar timings or debug lag), you don't need to take any action. 
[2025-11-22 23:56:13] [INFO   ] It is recommended to pregenerate to reduce lag problems. 
[2025-11-22 23:56:13] [INFO   ] Watchdog Thread hooked. 
[2025-11-22 23:56:13] [INFO   ]  bStats Metrics enabled. 
[2025-11-22 23:56:13] [INFO   ]  Detected version: v1_21_R5, packName: v1_21_R5 
[2025-11-23 02:54:09] [INFO   ]  Custom Logger Initialized 
[2025-11-23 02:54:09] [INFO   ] [NOTICE] TerraformGenerator will suppress the server's watchdog while generating chunks to prevent unnecessary stacktrace warnings. Unless you specifically need thewatchdog now (to take aikar timings or debug lag), you don't need to take any action. 
[2025-11-23 02:54:09] [INFO   ] It is recommended to pregenerate to reduce lag problems. 
[2025-11-23 02:54:09] [INFO   ] Watchdog Thread hooked. 
[2025-11-23 02:54:09] [INFO   ]  bStats Metrics enabled. 
[2025-11-23 02:54:10] [INFO   ]  Detected version: v1_21_R5, packName: v1_21_R5 
[2025-11-23 04:04:17] [INFO   ]  Custom Logger Initialized 
[2025-11-23 04:04:17] [INFO   ] [NOTICE] TerraformGenerator will suppress the server's watchdog while generating chunks to prevent unnecessary stacktrace warnings. Unless you specifically need thewatchdog now (to take aikar timings or debug lag), you don't need to take any action. 
[2025-11-23 04:04:17] [INFO   ] It is recommended to pregenerate to reduce lag problems. 
[2025-11-23 04:04:17] [INFO   ] Watchdog Thread hooked. 
[2025-11-23 04:04:17] [INFO   ]  bStats Metrics enabled. 
[2025-11-23 04:04:17] [INFO   ]  Detected version: v1_21_R5, packName: v1_21_R5 
[2025-11-23 23:05:07] [INFO   ]  Custom Logger Initialized 
[2025-11-23 23:05:08] [INFO   ] [NOTICE] TerraformGenerator will suppress the server's watchdog while generating chunks to prevent unnecessary stacktrace warnings. Unless you specifically need thewatchdog now (to take aikar timings or debug lag), you don't need to take any action. 
[2025-11-23 23:05:08] [INFO   ] It is recommended to pregenerate to reduce lag problems. 
[2025-11-23 23:05:08] [INFO   ] Watchdog Thread hooked. 
[2025-11-23 23:05:08] [INFO   ]  bStats Metrics enabled. 
[2025-11-23 23:05:08] [INFO   ]  Detected version: v1_21_R5, packName: v1_21_R5 
[2025-11-23 23:45:24] [INFO   ]  Custom Logger Initialized 
[2025-11-23 23:45:24] [INFO   ] [NOTICE] TerraformGenerator will suppress the server's watchdog while generating chunks to prevent unnecessary stacktrace warnings. Unless you specifically need thewatchdog now (to take aikar timings or debug lag), you don't need to take any action. 
[2025-11-23 23:45:24] [INFO   ] It is recommended to pregenerate to reduce lag problems. 
[2025-11-23 23:45:24] [INFO   ] Watchdog Thread hooked. 
[2025-11-23 23:45:24] [INFO   ]  bStats Metrics enabled. 
[2025-11-23 23:45:24] [INFO   ]  Detected version: v1_21_R5, packName: v1_21_R5 
[2025-11-24 01:32:57] [INFO   ]  Custom Logger Initialized 
[2025-11-24 01:32:57] [INFO   ] [NOTICE] TerraformGenerator will suppress the server's watchdog while generating chunks to prevent unnecessary stacktrace warnings. Unless you specifically need thewatchdog now (to take aikar timings or debug lag), you don't need to take any action. 
[2025-11-24 01:32:57] [INFO   ] It is recommended to pregenerate to reduce lag problems. 
[2025-11-24 01:32:57] [INFO   ] Watchdog Thread hooked. 
[2025-11-24 01:32:57] [INFO   ]  bStats Metrics enabled. 
[2025-11-24 01:32:57] [INFO   ]  Detected version: v1_21_R5, packName: v1_21_R5 
[2025-11-24 20:27:23] [INFO   ]  Custom Logger Initialized 
[2025-11-24 20:27:23] [INFO   ] [NOTICE] TerraformGenerator will suppress the server's watchdog while generating chunks to prevent unnecessary stacktrace warnings. Unless you specifically need thewatchdog now (to take aikar timings or debug lag), you don't need to take any action. 
[2025-11-24 20:27:23] [INFO   ] It is recommended to pregenerate to reduce lag problems. 
[2025-11-24 20:27:23] [INFO   ] Watchdog Thread hooked. 
[2025-11-24 20:27:23] [INFO   ]  bStats Metrics enabled. 
[2025-11-24 20:27:23] [INFO   ]  Detected version: v1_21_R5, packName: v1_21_R5 
[2025-11-24 23:51:47] [INFO   ]  Custom Logger Initialized 
[2025-11-24 23:51:48] [INFO   ] [NOTICE] TerraformGenerator will suppress the server's watchdog while generating chunks to prevent unnecessary stacktrace warnings. Unless you specifically need thewatchdog now (to take aikar timings or debug lag), you don't need to take any action. 
[2025-11-24 23:51:48] [INFO   ] It is recommended to pregenerate to reduce lag problems. 
[2025-11-24 23:51:48] [INFO   ] Watchdog Thread hooked. 
[2025-11-24 23:51:48] [INFO   ]  bStats Metrics enabled. 
[2025-11-24 23:51:48] [INFO   ]  Detected version: v1_21_R5, packName: v1_21_R5 
[2025-11-25 08:14:06] [INFO   ]  Custom Logger Initialized 
[2025-11-25 08:14:07] [INFO   ] [NOTICE] TerraformGenerator will suppress the server's watchdog while generating chunks to prevent unnecessary stacktrace warnings. Unless you specifically need thewatchdog now (to take aikar timings or debug lag), you don't need to take any action. 
[2025-11-25 08:14:07] [INFO   ] It is recommended to pregenerate to reduce lag problems. 
[2025-11-25 08:14:07] [INFO   ] Watchdog Thread hooked. 
[2025-11-25 08:14:07] [INFO   ]  bStats Metrics enabled. 
[2025-11-25 08:14:07] [INFO   ]  Detected version: v1_21_R5, packName: v1_21_R5 
[2025-11-25 08:23:15] [INFO   ]  Custom Logger Initialized 
[2025-11-25 08:23:15] [INFO   ] [NOTICE] TerraformGenerator will suppress the server's watchdog while generating chunks to prevent unnecessary stacktrace warnings. Unless you specifically need thewatchdog now (to take aikar timings or debug lag), you don't need to take any action. 
[2025-11-25 08:23:15] [INFO   ] It is recommended to pregenerate to reduce lag problems. 
[2025-11-25 08:23:15] [INFO   ] Watchdog Thread hooked. 
[2025-11-25 08:23:15] [INFO   ]  bStats Metrics enabled. 
[2025-11-25 08:23:15] [INFO   ]  Detected version: v1_21_R5, packName: v1_21_R5 
[2025-11-25 19:56:50] [INFO   ]  Custom Logger Initialized 
[2025-11-25 19:56:50] [INFO   ] [NOTICE] TerraformGenerator will suppress the server's watchdog while generating chunks to prevent unnecessary stacktrace warnings. Unless you specifically need thewatchdog now (to take aikar timings or debug lag), you don't need to take any action. 
[2025-11-25 19:56:50] [INFO   ] It is recommended to pregenerate to reduce lag problems. 
[2025-11-25 19:56:50] [INFO   ] Watchdog Thread hooked. 
[2025-11-25 19:56:50] [INFO   ]  bStats Metrics enabled. 
[2025-11-25 19:56:50] [INFO   ]  Detected version: v1_21_R5, packName: v1_21_R5 
[2025-11-26 06:05:56] [INFO   ]  Custom Logger Initialized 
[2025-11-26 06:05:56] [INFO   ] [NOTICE] TerraformGenerator will suppress the server's watchdog while generating chunks to prevent unnecessary stacktrace warnings. Unless you specifically need thewatchdog now (to take aikar timings or debug lag), you don't need to take any action. 
[2025-11-26 06:05:56] [INFO   ] It is recommended to pregenerate to reduce lag problems. 
[2025-11-26 06:05:56] [INFO   ] Watchdog Thread hooked. 
[2025-11-26 06:05:56] [INFO   ]  bStats Metrics enabled. 
[2025-11-26 06:05:56] [INFO   ]  Detected version: v1_21_R5, packName: v1_21_R5 
[2025-11-26 16:53:25] [INFO   ]  Custom Logger Initialized 
[2025-11-26 16:53:25] [INFO   ] [NOTICE] TerraformGenerator will suppress the server's watchdog while generating chunks to prevent unnecessary stacktrace warnings. Unless you specifically need thewatchdog now (to take aikar timings or debug lag), you don't need to take any action. 
[2025-11-26 16:53:25] [INFO   ] It is recommended to pregenerate to reduce lag problems. 
[2025-11-26 16:53:25] [INFO   ] Watchdog Thread hooked. 
[2025-11-26 16:53:25] [INFO   ]  bStats Metrics enabled. 
[2025-11-26 16:53:25] [INFO   ]  Detected version: v1_21_R5, packName: v1_21_R5 
[2025-11-26 20:10:57] [INFO   ]  Custom Logger Initialized 
[2025-11-26 20:10:57] [INFO   ] [NOTICE] TerraformGenerator will suppress the server's watchdog while generating chunks to prevent unnecessary stacktrace warnings. Unless you specifically need thewatchdog now (to take aikar timings or debug lag), you don't need to take any action. 
[2025-11-26 20:10:57] [INFO   ] It is recommended to pregenerate to reduce lag problems. 
[2025-11-26 20:10:57] [INFO   ] Watchdog Thread hooked. 
[2025-11-26 20:10:57] [INFO   ]  bStats Metrics enabled. 
[2025-11-26 20:10:57] [INFO   ]  Detected version: v1_21_R5, packName: v1_21_R5 
[2025-11-27 00:42:23] [INFO   ]  Custom Logger Initialized 
[2025-11-27 00:42:24] [INFO   ] [NOTICE] TerraformGenerator will suppress the server's watchdog while generating chunks to prevent unnecessary stacktrace warnings. Unless you specifically need thewatchdog now (to take aikar timings or debug lag), you don't need to take any action. 
[2025-11-27 00:42:24] [INFO   ] It is recommended to pregenerate to reduce lag problems. 
[2025-11-27 00:42:24] [INFO   ] Watchdog Thread hooked. 
[2025-11-27 00:42:24] [INFO   ]  bStats Metrics enabled. 
[2025-11-27 00:42:24] [INFO   ]  Detected version: v1_21_R5, packName: v1_21_R5 
[2025-11-27 03:47:36] [INFO   ]  Custom Logger Initialized 
[2025-11-27 03:47:36] [INFO   ] [NOTICE] TerraformGenerator will suppress the server's watchdog while generating chunks to prevent unnecessary stacktrace warnings. Unless you specifically need thewatchdog now (to take aikar timings or debug lag), you don't need to take any action. 
[2025-11-27 03:47:36] [INFO   ] It is recommended to pregenerate to reduce lag problems. 
[2025-11-27 03:47:36] [INFO   ] Watchdog Thread hooked. 
[2025-11-27 03:47:36] [INFO   ]  bStats Metrics enabled. 
[2025-11-27 03:47:36] [INFO   ]  Detected version: v1_21_R5, packName: v1_21_R5 
[2025-11-27 22:45:02] [INFO   ]  Custom Logger Initialized 
[2025-11-27 22:45:02] [INFO   ] [NOTICE] TerraformGenerator will suppress the server's watchdog while generating chunks to prevent unnecessary stacktrace warnings. Unless you specifically need thewatchdog now (to take aikar timings or debug lag), you don't need to take any action. 
[2025-11-27 22:45:02] [INFO   ] It is recommended to pregenerate to reduce lag problems. 
[2025-11-27 22:45:02] [INFO   ] Watchdog Thread hooked. 
[2025-11-27 22:45:02] [INFO   ]  bStats Metrics enabled. 
[2025-11-27 22:45:02] [INFO   ]  Detected version: v1_21_R5, packName: v1_21_R5 
